<?xml version="1.0" encoding="UTF-8"?>
<!-- Generated by org.testng.reporters.JUnitReportReporter -->
<testsuite hostname="Vivek" failures="0" tests="1" name="testCase.TC002_verifyLogin" time="3.803" errors="0" timestamp="2024-08-20T15:45:57 IST" skipped="0">
  <testcase classname="testCase.TC002_verifyLogin" name="verifyLogin" time="3.803"/>
</testsuite> <!-- testCase.TC002_verifyLogin -->
