<?xml version="1.0" encoding="UTF-8"?>
<!-- Generated by org.testng.reporters.JUnitReportReporter -->
<testsuite hostname="Vivek" failures="0" tests="3" name="testCase.TC003_VerifyLoginDDT" time="45.765" errors="0" timestamp="2024-08-20T17:07:42 IST" skipped="0">
  <testcase classname="testCase.TC003_VerifyLoginDDT" name="verifyLoginDDT" time="5.762"/>
  <testcase classname="testCase.TC003_VerifyLoginDDT" name="verifyLoginDDT" time="34.841"/>
  <testcase classname="testCase.TC003_VerifyLoginDDT" name="verifyLoginDDT" time="5.162"/>
</testsuite> <!-- testCase.TC003_VerifyLoginDDT -->
